<?xml version="1.0" encoding="UTF-8"?>
<testsuite xmlns:xsi="http://www.w3.org/2001/XMLSchema-instance" xsi:noNamespaceSchemaLocation="https://maven.apache.org/surefire/maven-surefire-plugin/xsd/surefire-test-report-3.0.xsd" version="3.0" name="runners.TestRunner" time="32.594" tests="2" errors="0" skipped="0" failures="0">
  <properties>
[...]
</properties>
  <testcase name="Validation of elements in practicepage" classname="Verify Practice page" time="25.211">
    <system-out><![CDATA[
@ss
Scenario: Validation of elements in practicepage                            # src/test/resources/features/VerifyPracticePage.feature:7
=== Launching Browser ===
  Given launch the url "https://rahulshettyacademy.com/AutomationPractice/" # stepdefinitions.VerifyPracticePage.launch_the_url(java.lang.String)
button clicked
  When clicking the radio button                                            # stepdefinitions.VerifyPracticePage.clicking_the_radio_button()
  And enter the conuntry name "Indi"                                        # stepdefinitions.VerifyPracticePage.enter_the_conuntry_name(java.lang.String)
  And select the option from drop down                                      # stepdefinitions.VerifyPracticePage.select_the_option_from_drop_down()
  And click the check box                                                   # stepdefinitions.VerifyPracticePage.click_the_check_box()
  Then click the home button                                                # stepdefinitions.VerifyPracticePage.click_the_home_button()
Navigated to home page successfully!
  And verify if navigated to home page                                      # stepdefinitions.VerifyPracticePage.verify_if_navigated_to_home_page()
=== Closing Browser ===
]]></system-out>
    <system-err><![CDATA[Jul 18, 2025 8:04:38 PM org.openqa.selenium.devtools.CdpVersionFinder findNearestMatch
WARNING: Unable to find CDP implementation matching 138
Jul 18, 2025 8:04:38 PM org.openqa.selenium.chromium.ChromiumDriver lambda$new$5
WARNING: Unable to find version of CDP to use for 138.0.7204.158. You may need to include a dependency on a specific version of the CDP using something similar to `org.seleniumhq.selenium:selenium-devtools-v86:4.20.0` where the version ("v86") matches the version of the chromium-based browser you're using and the version number of the artifact is the same as Selenium's.
]]></system-err>
  </testcase>
  <testcase name="Successful login" classname="Login Functionality" time="4.366">
    <system-out><![CDATA[
@ss
Scenario: Successful login       # src/test/resources/features/login.feature:3
=== Launching Browser ===
  Given I open the login page    # stepdefinitions.LoginSteps.open_login_page()
  When I enter valid credentials # stepdefinitions.LoginSteps.enter_credentials()
Page title: Demo SaaS
  Then I should see the homepage # stepdefinitions.LoginSteps.verify_homepage()
=== Closing Browser ===
]]></system-out>
    <system-err><![CDATA[Jul 18, 2025 8:05:00 PM org.openqa.selenium.devtools.CdpVersionFinder findNearestMatch
WARNING: Unable to find CDP implementation matching 138
Jul 18, 2025 8:05:00 PM org.openqa.selenium.chromium.ChromiumDriver lambda$new$5
WARNING: Unable to find version of CDP to use for 138.0.7204.158. You may need to include a dependency on a specific version of the CDP using something similar to `org.seleniumhq.selenium:selenium-devtools-v86:4.20.0` where the version ("v86") matches the version of the chromium-based browser you're using and the version number of the artifact is the same as Selenium's.
]]></system-err>
  </testcase>
</testsuite>